<?xml version="1.0" encoding="UTF-8"?>
<!-- Generated by org.testng.reporters.JUnitXMLReporter -->
<testsuite ignored="0" hostname="LAPTOP-G5CSE2DK" failures="2" tests="2" name="Test" time="29.033" errors="0" timestamp="2022-06-23T11:59:31 BST">
  <testcase classname="WebPage.ApplicationTest" name="basePage" time="7.497">
    <failure type="java.lang.AssertionError">
      <![CDATA[java.lang.AssertionError: 
at WebPage.ApplicationTest.basePage(ApplicationTest.java:57)
at java.base/java.util.ArrayList.forEach(ArrayList.java:1511)
... Removed 31 stack frames]]>
    </failure>
  </testcase> <!-- basePage -->
  <testcase classname="WebPage.ApplicationTest" name="basePage" time="10.168">
    <failure type="java.lang.AssertionError">
      <![CDATA[java.lang.AssertionError: 
at WebPage.ApplicationTest.basePage(ApplicationTest.java:57)
at java.base/java.util.ArrayList.forEach(ArrayList.java:1511)
... Removed 31 stack frames]]>
    </failure>
  </testcase> <!-- basePage -->
</testsuite> <!-- Test -->
